Temp/gradleOut/launcher/build/intermediates/manifest_merge_blame_file/release/manifest-merger-blame-release-report.txt
1<?xml version="1.0" encoding="utf-8"?>
2<!-- GENERATED BY UNITY. REMOVE THIS COMMENT TO PREVENT OVERWRITING WHEN EXPORTING AGAIN -->
3<manifest xmlns:android="http://schemas.android.com/apk/res/android"
4    package="com.DefaultCompany.ImIn"
5    android:installLocation="preferExternal"
6    android:versionCode="1"
7    android:versionName="1.0" >
8
9    <uses-sdk
10        android:minSdkVersion="19"
10-->src\main\AndroidManifest.xml
11        android:targetSdkVersion="30" />
11-->src\main\AndroidManifest.xml
12
13    <supports-screens
13-->src\main\AndroidManifest.xml:4:3-163
14        android:anyDensity="true"
14-->src\main\AndroidManifest.xml:4:135-160
15        android:largeScreens="true"
15-->src\main\AndroidManifest.xml:4:78-105
16        android:normalScreens="true"
16-->src\main\AndroidManifest.xml:4:49-77
17        android:smallScreens="true"
17-->src\main\AndroidManifest.xml:4:21-48
18        android:xlargeScreens="true" />
18-->src\main\AndroidManifest.xml:4:106-134
19
20    <uses-feature android:glEsVersion="0x00030000" />
20-->[:unityLibrary] AndroidManifest.xml:13:5-54
20-->[:unityLibrary] AndroidManifest.xml:13:19-51
21    <uses-feature
21-->[:unityLibrary] AndroidManifest.xml:14:5-16:36
22        android:name="android.hardware.vulkan.version"
22-->[:unityLibrary] AndroidManifest.xml:15:9-55
23        android:required="false" />
23-->[:unityLibrary] AndroidManifest.xml:16:9-33
24
25    <uses-permission android:name="android.permission.INTERNET" />
25-->[:unityLibrary] AndroidManifest.xml:18:5-67
25-->[:unityLibrary] AndroidManifest.xml:18:22-64
26
27    <uses-feature
27-->[:unityLibrary] AndroidManifest.xml:20:5-22:36
28        android:name="android.hardware.touchscreen"
28-->[:unityLibrary] AndroidManifest.xml:21:9-52
29        android:required="false" />
29-->[:unityLibrary] AndroidManifest.xml:22:9-33
30    <uses-feature
30-->[:unityLibrary] AndroidManifest.xml:23:5-25:36
31        android:name="android.hardware.touchscreen.multitouch"
31-->[:unityLibrary] AndroidManifest.xml:24:9-63
32        android:required="false" />
32-->[:unityLibrary] AndroidManifest.xml:25:9-33
33    <uses-feature
33-->[:unityLibrary] AndroidManifest.xml:26:5-28:36
34        android:name="android.hardware.touchscreen.multitouch.distinct"
34-->[:unityLibrary] AndroidManifest.xml:27:9-72
35        android:required="false" />
35-->[:unityLibrary] AndroidManifest.xml:28:9-33
36
37    <uses-permission android:name="com.android.vending.BILLING" />
37-->[:billing-3.0.3:] AndroidManifest.xml:10:5-67
37-->[:billing-3.0.3:] AndroidManifest.xml:10:22-64
38    <uses-permission android:name="android.permission.ACCESS_NETWORK_STATE" />
38-->[:UnityAds:] AndroidManifest.xml:9:5-79
38-->[:UnityAds:] AndroidManifest.xml:9:22-76
39
40    <application
40-->src\main\AndroidManifest.xml:5:3-116
41        android:extractNativeLibs="true"
41-->src\main\AndroidManifest.xml:5:16-48
42        android:icon="@mipmap/app_icon"
42-->src\main\AndroidManifest.xml:5:82-113
43        android:label="@string/app_name" >
43-->src\main\AndroidManifest.xml:5:49-81
44        <activity
44-->[:unityLibrary] AndroidManifest.xml:31:9-51:20
45            android:name="com.unity3d.player.UnityPlayerActivity"
45-->[:unityLibrary] AndroidManifest.xml:32:13-66
46            android:configChanges="mcc|mnc|locale|touchscreen|keyboard|keyboardHidden|navigation|orientation|screenLayout|uiMode|screenSize|smallestScreenSize|fontScale|layoutDirection|density"
46-->[:unityLibrary] AndroidManifest.xml:33:13-194
47            android:hardwareAccelerated="false"
47-->[:unityLibrary] AndroidManifest.xml:34:13-48
48            android:launchMode="singleTask"
48-->[:unityLibrary] AndroidManifest.xml:35:13-44
49            android:resizeableActivity="false"
49-->[:unityLibrary] AndroidManifest.xml:36:13-47
50            android:screenOrientation="landscape"
50-->[:unityLibrary] AndroidManifest.xml:37:13-50
51            android:theme="@style/UnityThemeSelector" >
51-->[:unityLibrary] AndroidManifest.xml:38:13-54
52            <intent-filter>
52-->[:unityLibrary] AndroidManifest.xml:39:13-43:29
53                <action android:name="android.intent.action.MAIN" />
53-->[:unityLibrary] AndroidManifest.xml:40:17-69
53-->[:unityLibrary] AndroidManifest.xml:40:25-66
54
55                <category android:name="android.intent.category.LAUNCHER" />
55-->[:unityLibrary] AndroidManifest.xml:42:17-77
55-->[:unityLibrary] AndroidManifest.xml:42:27-74
56            </intent-filter>
57
58            <meta-data
58-->[:unityLibrary] AndroidManifest.xml:45:13-47:40
59                android:name="unityplayer.UnityActivity"
59-->[:unityLibrary] AndroidManifest.xml:46:17-57
60                android:value="true" />
60-->[:unityLibrary] AndroidManifest.xml:47:17-37
61            <meta-data
61-->[:unityLibrary] AndroidManifest.xml:48:13-50:40
62                android:name="android.notch_support"
62-->[:unityLibrary] AndroidManifest.xml:49:17-53
63                android:value="true" />
63-->[:unityLibrary] AndroidManifest.xml:50:17-37
64        </activity>
65
66        <meta-data
66-->[:unityLibrary] AndroidManifest.xml:53:9-55:33
67            android:name="unity.splash-mode"
67-->[:unityLibrary] AndroidManifest.xml:54:13-45
68            android:value="0" />
68-->[:unityLibrary] AndroidManifest.xml:55:13-30
69        <meta-data
69-->[:unityLibrary] AndroidManifest.xml:56:9-58:36
70            android:name="unity.splash-enable"
70-->[:unityLibrary] AndroidManifest.xml:57:13-47
71            android:value="True" />
71-->[:unityLibrary] AndroidManifest.xml:58:13-33
72        <meta-data
72-->[:unityLibrary] AndroidManifest.xml:59:9-61:37
73            android:name="unity.allow-resizable-window"
73-->[:unityLibrary] AndroidManifest.xml:60:13-56
74            android:value="False" />
74-->[:unityLibrary] AndroidManifest.xml:61:13-34
75        <meta-data
75-->[:unityLibrary] AndroidManifest.xml:62:9-64:50
76            android:name="notch.config"
76-->[:unityLibrary] AndroidManifest.xml:63:13-40
77            android:value="portrait|landscape" />
77-->[:unityLibrary] AndroidManifest.xml:64:13-47
78        <meta-data
78-->[:unityLibrary] AndroidManifest.xml:65:9-67:68
79            android:name="unity.build-id"
79-->[:unityLibrary] AndroidManifest.xml:66:13-42
80            android:value="325370c0-0850-43f7-8b67-7cd1ebeff569" />
80-->[:unityLibrary] AndroidManifest.xml:67:13-65
81        <meta-data
81-->[:billing-3.0.3:] AndroidManifest.xml:13:9-15:37
82            android:name="com.google.android.play.billingclient.version"
82-->[:billing-3.0.3:] AndroidManifest.xml:14:13-73
83            android:value="3.0.3" />
83-->[:billing-3.0.3:] AndroidManifest.xml:15:13-34
84
85        <activity
85-->[:billing-3.0.3:] AndroidManifest.xml:17:9-21:75
86            android:name="com.android.billingclient.api.ProxyBillingActivity"
86-->[:billing-3.0.3:] AndroidManifest.xml:18:13-78
87            android:configChanges="keyboard|keyboardHidden|screenLayout|screenSize|orientation"
87-->[:billing-3.0.3:] AndroidManifest.xml:19:13-96
88            android:exported="false"
88-->[:billing-3.0.3:] AndroidManifest.xml:20:13-37
89            android:theme="@android:style/Theme.Translucent.NoTitleBar" />
89-->[:billing-3.0.3:] AndroidManifest.xml:21:13-72
90        <activity
90-->[:UnityAds:] AndroidManifest.xml:13:9-17:74
91            android:name="com.unity3d.services.ads.adunit.AdUnitActivity"
91-->[:UnityAds:] AndroidManifest.xml:14:13-74
92            android:configChanges="fontScale|keyboard|keyboardHidden|locale|mnc|mcc|navigation|orientation|screenLayout|screenSize|smallestScreenSize|uiMode|touchscreen"
92-->[:UnityAds:] AndroidManifest.xml:15:13-170
93            android:hardwareAccelerated="true"
93-->[:UnityAds:] AndroidManifest.xml:16:13-47
94            android:theme="@android:style/Theme.NoTitleBar.Fullscreen" />
94-->[:UnityAds:] AndroidManifest.xml:17:13-71
95        <activity
95-->[:UnityAds:] AndroidManifest.xml:18:9-22:86
96            android:name="com.unity3d.services.ads.adunit.AdUnitTransparentActivity"
96-->[:UnityAds:] AndroidManifest.xml:19:13-85
97            android:configChanges="fontScale|keyboard|keyboardHidden|locale|mnc|mcc|navigation|orientation|screenLayout|screenSize|smallestScreenSize|uiMode|touchscreen"
97-->[:UnityAds:] AndroidManifest.xml:20:13-170
98            android:hardwareAccelerated="true"
98-->[:UnityAds:] AndroidManifest.xml:21:13-47
99            android:theme="@android:style/Theme.Translucent.NoTitleBar.Fullscreen" />
99-->[:UnityAds:] AndroidManifest.xml:22:13-83
100        <activity
100-->[:UnityAds:] AndroidManifest.xml:23:9-27:86
101            android:name="com.unity3d.services.ads.adunit.AdUnitTransparentSoftwareActivity"
101-->[:UnityAds:] AndroidManifest.xml:24:13-93
102            android:configChanges="fontScale|keyboard|keyboardHidden|locale|mnc|mcc|navigation|orientation|screenLayout|screenSize|smallestScreenSize|uiMode|touchscreen"
102-->[:UnityAds:] AndroidManifest.xml:25:13-170
103            android:hardwareAccelerated="false"
103-->[:UnityAds:] AndroidManifest.xml:26:13-48
104            android:theme="@android:style/Theme.Translucent.NoTitleBar.Fullscreen" />
104-->[:UnityAds:] AndroidManifest.xml:27:13-83
105        <activity
105-->[:UnityAds:] AndroidManifest.xml:28:9-32:74
106            android:name="com.unity3d.services.ads.adunit.AdUnitSoftwareActivity"
106-->[:UnityAds:] AndroidManifest.xml:29:13-82
107            android:configChanges="fontScale|keyboard|keyboardHidden|locale|mnc|mcc|navigation|orientation|screenLayout|screenSize|smallestScreenSize|uiMode|touchscreen"
107-->[:UnityAds:] AndroidManifest.xml:30:13-170
108            android:hardwareAccelerated="false"
108-->[:UnityAds:] AndroidManifest.xml:31:13-48
109            android:theme="@android:style/Theme.NoTitleBar.Fullscreen" />
109-->[:UnityAds:] AndroidManifest.xml:32:13-71
110    </application>
111
112</manifest>